<?xml version="1.0" encoding="UTF-8"?>
<!-- Generated by org.testng.reporters.JUnitReportReporter -->
<testsuite skipped="0" hostname="DESKTOP-FBFN071" name="Flipflop.Test123" tests="1" failures="0" timestamp="18 Aug 2019 13:28:55 GMT" time="55.539" errors="0">
  <testcase name="track" time="55.539" classname="Flipflop.Test123"/>
</testsuite> <!-- Flipflop.Test123 -->
