<?xml version="1.0" encoding="UTF-8"?>
<!-- Generated by org.testng.reporters.JUnitReportReporter -->
<testsuite skipped="1" hostname="DESKTOP-FBFN071" name="Flipflop.TC001" tests="2" failures="0" timestamp="18 Aug 2019 13:39:24 GMT" time="0.041" errors="1">
  <testcase name="track" time="0.000" classname="Flipflop.TC001">
    <skipped/>
  </testcase> <!-- track -->
  <testcase name="Beforesuite" time="0.041" classname="Flipflop.TC001">
    <error type="java.lang.NoClassDefFoundError" message="com/relevantcodes/extentreports/ExtentReports">
      <![CDATA[java.lang.NoClassDefFoundError: com/relevantcodes/extentreports/ExtentReports
at Flipflop.Reporting.startReport(Reporting.java:17)
at Flipflop.ProjectWrapper.Beforesuite(ProjectWrapper.java:24)
at sun.reflect.NativeMethodAccessorImpl.invoke0(Native Method)
at sun.reflect.NativeMethodAccessorImpl.invoke(Unknown Source)
at sun.reflect.DelegatingMethodAccessorImpl.invoke(Unknown Source)
at java.lang.reflect.Method.invoke(Unknown Source)
at org.testng.internal.MethodInvocationHelper.invokeMethod(MethodInvocationHelper.java:124)
at org.testng.internal.MethodInvocationHelper.invokeMethodConsideringTimeout(MethodInvocationHelper.java:59)
at org.testng.internal.Invoker.invokeConfigurationMethod(Invoker.java:458)
at org.testng.internal.Invoker.invokeConfigurations(Invoker.java:222)
at org.testng.internal.Invoker.invokeConfigurations(Invoker.java:142)
at org.testng.SuiteRunner.privateRun(SuiteRunner.java:401)
at org.testng.SuiteRunner.run(SuiteRunner.java:364)
at org.testng.SuiteRunnerWorker.runSuite(SuiteRunnerWorker.java:52)
at org.testng.SuiteRunnerWorker.run(SuiteRunnerWorker.java:84)
at org.testng.TestNG.runSuitesSequentially(TestNG.java:1208)
at org.testng.TestNG.runSuitesLocally(TestNG.java:1137)
at org.testng.TestNG.runSuites(TestNG.java:1049)
at org.testng.TestNG.run(TestNG.java:1017)
at org.testng.TestNG.privateMain(TestNG.java:1354)
at org.testng.TestNG.main(TestNG.java:1323)
Caused by: java.lang.ClassNotFoundException: com.relevantcodes.extentreports.ExtentReports
at java.net.URLClassLoader.findClass(Unknown Source)
at java.lang.ClassLoader.loadClass(Unknown Source)
at sun.misc.Launcher$AppClassLoader.loadClass(Unknown Source)
at java.lang.ClassLoader.loadClass(Unknown Source)
... 21 more
]]>
    </error>
  </testcase> <!-- Beforesuite -->
</testsuite> <!-- Flipflop.TC001 -->
